<?xml version="1.0" encoding="UTF-8"?>
<!-- Generated by org.testng.reporters.JUnitXMLReporter -->
<testsuite ignored="0" hostname="UA-UH8075" failures="0" tests="1" name="Test checking authorization with incorrect email" time="3.482" errors="0" timestamp="2024-01-08T11:37:12 CET">
  <testcase classname="testsToCheckAuthorization.TestErrorMessageDisplayedWithIncorrectEmail" name="testAuthorizationWithIncorrectEmail" time="3.475"/>
</testsuite> <!-- Test checking authorization with incorrect email -->
