<?xml version="1.0" encoding="UTF-8"?>
<!-- Generated by org.testng.reporters.JUnitXMLReporter -->
<testsuite ignored="0" hostname="UA-UH8075" failures="0" tests="1" name="Test checking authorization with empty password" time="10.416" errors="0" timestamp="2024-01-08T11:37:09 CET">
  <testcase classname="testsToCheckAuthorization.TestErrorMessageDisplayedOnEmptyPassword" name="testErrorMessageDisplayedOnEmptyPassword" time="10.148"/>
</testsuite> <!-- Test checking authorization with empty password -->
