<?xml version="1.0" encoding="UTF-8"?>
<testng-results ignored="0" total="3" passed="3" failed="0" skipped="0">
  <reporter-output>
  </reporter-output>
  <suite started-at="2024-01-08T11:36:58 CET" name="SuiteToCheckAuthorization" finished-at="2024-01-08T11:37:18 CET" duration-ms="19280">
    <groups>
    </groups>
    <test started-at="2024-01-08T11:36:58 CET" name="Test checking authorization with empty password" finished-at="2024-01-08T11:37:09 CET" duration-ms="10416">
      <class name="testsToCheckAuthorization.TestErrorMessageDisplayedOnEmptyPassword">
        <test-method is-config="true" signature="before()[pri:0, instance:testsToCheckAuthorization.TestErrorMessageDisplayedOnEmptyPassword@18324f97]" started-at="2024-01-08T11:36:58 CET" name="before" finished-at="2024-01-08T11:36:58 CET" duration-ms="59" status="PASS">
          <reporter-output>
          </reporter-output>
        </test-method> <!-- before -->
        <test-method signature="testErrorMessageDisplayedOnEmptyPassword()[pri:0, instance:testsToCheckAuthorization.TestErrorMessageDisplayedOnEmptyPassword@18324f97]" started-at="2024-01-08T11:36:59 CET" name="testErrorMessageDisplayedOnEmptyPassword" finished-at="2024-01-08T11:37:09 CET" duration-ms="10148" status="PASS">
          <reporter-output>
          </reporter-output>
        </test-method> <!-- testErrorMessageDisplayedOnEmptyPassword -->
      </class> <!-- testsToCheckAuthorization.TestErrorMessageDisplayedOnEmptyPassword -->
    </test> <!-- Test checking authorization with empty password -->
    <test started-at="2024-01-08T11:37:09 CET" name="Test checking authorization with incorrect email" finished-at="2024-01-08T11:37:12 CET" duration-ms="3482">
      <class name="testsToCheckAuthorization.TestErrorMessageDisplayedWithIncorrectEmail">
        <test-method is-config="true" signature="before()[pri:0, instance:testsToCheckAuthorization.TestErrorMessageDisplayedWithIncorrectEmail@340b7ef6]" started-at="2024-01-08T11:37:09 CET" name="before" finished-at="2024-01-08T11:37:09 CET" duration-ms="1" status="PASS">
          <reporter-output>
          </reporter-output>
        </test-method> <!-- before -->
        <test-method signature="testAuthorizationWithIncorrectEmail()[pri:0, instance:testsToCheckAuthorization.TestErrorMessageDisplayedWithIncorrectEmail@340b7ef6]" started-at="2024-01-08T11:37:09 CET" name="testAuthorizationWithIncorrectEmail" finished-at="2024-01-08T11:37:12 CET" duration-ms="3475" status="PASS">
          <reporter-output>
          </reporter-output>
        </test-method> <!-- testAuthorizationWithIncorrectEmail -->
      </class> <!-- testsToCheckAuthorization.TestErrorMessageDisplayedWithIncorrectEmail -->
    </test> <!-- Test checking authorization with incorrect email -->
    <test started-at="2024-01-08T11:37:12 CET" name="Test checking authorization with correct data" finished-at="2024-01-08T11:37:18 CET" duration-ms="5309">
      <class name="testsToCheckAuthorization.TestSignInWithCorrectData">
        <test-method is-config="true" signature="before()[pri:0, instance:testsToCheckAuthorization.TestSignInWithCorrectData@2a49fe]" started-at="2024-01-08T11:37:12 CET" name="before" finished-at="2024-01-08T11:37:12 CET" duration-ms="0" status="PASS">
          <reporter-output>
          </reporter-output>
        </test-method> <!-- before -->
        <test-method signature="testSignInWithCorrectData(java.lang.String,java.lang.String)[pri:0, instance:testsToCheckAuthorization.TestSignInWithCorrectData@2a49fe]" started-at="2024-01-08T11:37:12 CET" name="testSignInWithCorrectData" data-provider="AuthorizationData" finished-at="2024-01-08T11:37:18 CET" duration-ms="5301" status="PASS">
          <params>
            <param index="0">
              <value>
                <![CDATA[gbpr495@gmail.com]]>
              </value>
            </param>
            <param index="1">
              <value>
                <![CDATA[gfhjkm]]>
              </value>
            </param>
          </params>
          <reporter-output>
          </reporter-output>
        </test-method> <!-- testSignInWithCorrectData -->
      </class> <!-- testsToCheckAuthorization.TestSignInWithCorrectData -->
    </test> <!-- Test checking authorization with correct data -->
  </suite> <!-- SuiteToCheckAuthorization -->
</testng-results>
